#
# There is insufficient memory for the Java Runtime Environment to continue.
# Native memory allocation (malloc) failed to allocate 480104 bytes for AllocateHeap
# Possible reasons:
#   The system is out of physical RAM or swap space
#   In 32 bit mode, the process size limit was hit
# Possible solutions:
#   Reduce memory load on the system
#   Increase physical memory or swap space
#   Check if swap backing store is full
#   Use 64 bit Java on a 64 bit OS
#   Decrease Java heap size (-Xmx/-Xms)
#   Decrease number of Java threads
#   Decrease Java thread stack sizes (-Xss)
#   Set larger code cache with -XX:ReservedCodeCacheSize=
# This output file may be truncated or incomplete.
#
#  Out of Memory Error (memory/allocation.inline.hpp:61), pid=8076, tid=6204
#
# JRE version:  (8.0_60-b27) (build )
# Java VM: Java HotSpot(TM) 64-Bit Server VM (25.60-b23 mixed mode windows-amd64 compressed oops)
# Failed to write core dump. Minidumps are not enabled by default on client versions of Windows
#

---------------  T H R E A D  ---------------

Current thread (0x0000000002010800):  JavaThread "Unknown thread" [_thread_in_vm, id=6204, stack(0x00000000007e0000,0x00000000008e0000)]

Stack: [0x00000000007e0000,0x00000000008e0000]
[error occurred during error reporting (printing stack bounds), id 0xc0000005]

Native frames: (J=compiled Java code, j=interpreted, Vv=VM code, C=native code)


---------------  P R O C E S S  ---------------

Java Threads: ( => current thread )

Other Threads:

=>0x0000000002010800 (exited) JavaThread "Unknown thread" [_thread_in_vm, id=6204, stack(0x00000000007e0000,0x00000000008e0000)]

VM state:not at safepoint (not fully initialized)

VM Mutex/Monitor currently owned by a thread: None

GC Heap History (0 events):
No events

Deoptimization events (0 events):
No events

Internal exceptions (0 events):
No events

Events (0 events):
No events


Dynamic libraries:
0x00007ff66d090000 - 0x00007ff66d0c7000 	C:\Program Files\Java\jdk1.8.0_60\bin\java.exe
0x00007ffab1300000 - 0x00007ffab14c2000 	C:\WINDOWS\SYSTEM32\ntdll.dll
0x00007ffaaf0b0000 - 0x00007ffaaf15d000 	C:\WINDOWS\system32\KERNEL32.DLL
0x00007ffaaddd0000 - 0x00007ffaadfad000 	C:\WINDOWS\system32\KERNELBASE.dll
0x00007ffaaeb30000 - 0x00007ffaaebd6000 	C:\WINDOWS\system32\ADVAPI32.dll
0x00007ffaaf580000 - 0x00007ffaaf61d000 	C:\WINDOWS\system32\msvcrt.dll
0x00007ffaaf8b0000 - 0x00007ffaaf90b000 	C:\WINDOWS\system32\sechost.dll
0x00007ffaaf370000 - 0x00007ffaaf496000 	C:\WINDOWS\system32\RPCRT4.dll
0x00007ffaaef60000 - 0x00007ffaaf0ae000 	C:\WINDOWS\system32\USER32.dll
0x00007ffab0fc0000 - 0x00007ffab1145000 	C:\WINDOWS\system32\GDI32.dll
0x00007ffaa3640000 - 0x00007ffaa38b4000 	C:\WINDOWS\WinSxS\amd64_microsoft.windows.common-controls_6595b64144ccf1df_6.0.10240.16384_none_f41f7b285750ef43\COMCTL32.dll
0x00007ffaaf160000 - 0x00007ffaaf196000 	C:\WINDOWS\system32\IMM32.DLL
0x00007ffaaf210000 - 0x00007ffaaf36c000 	C:\WINDOWS\system32\MSCTF.dll
0x0000000055520000 - 0x00000000555f2000 	C:\Program Files\Java\jdk1.8.0_60\jre\bin\msvcr100.dll
0x0000000055600000 - 0x0000000055e89000 	C:\Program Files\Java\jdk1.8.0_60\jre\bin\server\jvm.dll
0x00007ffaaeaa0000 - 0x00007ffaaeaa8000 	C:\WINDOWS\system32\PSAPI.DLL
0x00007ffaa70b0000 - 0x00007ffaa70d3000 	C:\WINDOWS\SYSTEM32\WINMM.dll
0x00007ffaa7010000 - 0x00007ffaa7019000 	C:\WINDOWS\SYSTEM32\WSOCK32.dll
0x00007ffaa7680000 - 0x00007ffaa768a000 	C:\WINDOWS\SYSTEM32\VERSION.dll
0x00007ffaaf910000 - 0x00007ffaaf979000 	C:\WINDOWS\system32\WS2_32.dll
0x00007ffaaf8a0000 - 0x00007ffaaf8a8000 	C:\WINDOWS\system32\NSI.dll
0x00007ffaa7080000 - 0x00007ffaa70ac000 	C:\WINDOWS\SYSTEM32\WINMMBASE.dll
0x00007ffaadfb0000 - 0x00007ffaadff4000 	C:\WINDOWS\system32\cfgmgr32.dll
0x00007ffaac6a0000 - 0x00007ffaac6c7000 	C:\WINDOWS\SYSTEM32\DEVOBJ.dll
0x00000000554d0000 - 0x00000000554df000 	C:\Program Files\Java\jdk1.8.0_60\jre\bin\verify.dll
0x00000000554a0000 - 0x00000000554c9000 	C:\Program Files\Java\jdk1.8.0_60\jre\bin\java.dll
0x0000000055480000 - 0x0000000055496000 	C:\Program Files\Java\jdk1.8.0_60\jre\bin\zip.dll

VM Arguments:
jvm_args: -Dfile.encoding=UTF-8 
java_command: emp.EmpInfo
java_class_path (initial): C:\Program Files\NetBeans 8.0.2\ide\modules\ext\mysql-connector-java-5.1.23-bin.jar;C:\Users\Watilah\Documents\NetBeansProjects\Emp\build\classes
Launcher Type: SUN_STANDARD

Environment Variables:
PATH=C:\ProgramData\Oracle\Java\javapath;C:\Program Files (x86)\Falcon\MinGW\bin;C:\WINDOWS\system32;C:\WINDOWS;C:\WINDOWS\System32\Wbem;C:\WINDOWS\System32\WindowsPowerShell\v1.0\;C:\Program Files (x86)\Windows Kits\8.1\Windows Performance Toolkit\;C:\Program Files (x86)\MySQL\MySQL Fabric 1.5 & MySQL Utilities 1.5\;C:\Program Files (x86)\MySQL\MySQL Fabric 1.5 & MySQL Utilities 1.5\Doctrine extensions for PHP\;C:\Users\Watilah\AppData\Local\Programs\Python\Python35-32\Scripts\;C:\Users\Watilah\AppData\Local\Programs\Python\Python35-32\
USERNAME=Watilah
OS=Windows_NT
PROCESSOR_IDENTIFIER=Intel64 Family 6 Model 37 Stepping 5, GenuineIntel



---------------  S Y S T E M  ---------------

OS: Windows 10.0 , 64 bit Build 10240 (10.0.10240.16384)

CPU:total 4 (2 cores per cpu, 2 threads per core) family 6 model 37 stepping 5, cmov, cx8, fxsr, mmx, sse, sse2, sse3, ssse3, sse4.1, sse4.2, popcnt, aes, clmul, ht, tsc, tscinvbit

Memory: 4k page, physical 3980724k(888056k free), swap 16039348k(5416k free)

vm_info: Java HotSpot(TM) 64-Bit Server VM (25.60-b23) for windows-amd64 JRE (1.8.0_60-b27), built on Aug  4 2015 11:06:27 by "java_re" with MS VC++ 10.0 (VS2010)

time: Fri Apr 08 21:19:05 2016
elapsed time: 0 seconds (0d 0h 0m 0s)

