#
# There is insufficient memory for the Java Runtime Environment to continue.
# Native memory allocation (malloc) failed to allocate 132736 bytes for Chunk::new
# Possible reasons:
#   The system is out of physical RAM or swap space
#   In 32 bit mode, the process size limit was hit
# Possible solutions:
#   Reduce memory load on the system
#   Increase physical memory or swap space
#   Check if swap backing store is full
#   Use 64 bit Java on a 64 bit OS
#   Decrease Java heap size (-Xmx/-Xms)
#   Decrease number of Java threads
#   Decrease Java thread stack sizes (-Xss)
#   Set larger code cache with -XX:ReservedCodeCacheSize=
# This output file may be truncated or incomplete.
#
#  Out of Memory Error (allocation.cpp:390), pid=3976, tid=6636
#
# JRE version: Java(TM) SE Runtime Environment (8.0_60-b27) (build 1.8.0_60-b27)
# Java VM: Java HotSpot(TM) 64-Bit Server VM (25.60-b23 mixed mode windows-amd64 compressed oops)
# Failed to write core dump. Minidumps are not enabled by default on client versions of Windows
#

---------------  T H R E A D  ---------------

Current thread (0x0000000014ab1800):  JavaThread "C2 CompilerThread1" daemon [_thread_in_native, id=6636, stack(0x0000000016200000,0x0000000016300000)]

Stack: [0x0000000016200000,0x0000000016300000]
[error occurred during error reporting (printing stack bounds), id 0xc0000005]

Native frames: (J=compiled Java code, j=interpreted, Vv=VM code, C=native code)


Current CompileTask:
C2:    755  409       4       java.util.HashMap::putVal (300 bytes)


---------------  P R O C E S S  ---------------

Java Threads: ( => current thread )
  0x00000000024c0800 JavaThread "DestroyJavaVM" [_thread_blocked, id=6528, stack(0x00000000023c0000,0x00000000024c0000)]
  0x0000000016722000 JavaThread "AWT-EventQueue-0" [_thread_in_native, id=556, stack(0x0000000017b60000,0x0000000017c60000)]
  0x00000000167a5000 JavaThread "AWT-Windows" daemon [_thread_in_native, id=6324, stack(0x00000000174e0000,0x00000000175e0000)]
  0x000000001666d000 JavaThread "AWT-Shutdown" [_thread_blocked, id=5184, stack(0x00000000173e0000,0x00000000174e0000)]
  0x0000000016b23800 JavaThread "Java2D Disposer" daemon [_thread_blocked, id=5616, stack(0x00000000172e0000,0x00000000173e0000)]
  0x0000000016437000 JavaThread "Service Thread" daemon [_thread_blocked, id=3668, stack(0x0000000016800000,0x0000000016900000)]
  0x0000000014ab5000 JavaThread "C1 CompilerThread2" daemon [_thread_blocked, id=5180, stack(0x0000000016300000,0x0000000016400000)]
=>0x0000000014ab1800 JavaThread "C2 CompilerThread1" daemon [_thread_in_native, id=6636, stack(0x0000000016200000,0x0000000016300000)]
  0x0000000014aae800 JavaThread "C2 CompilerThread0" daemon [_thread_blocked, id=1276, stack(0x0000000016100000,0x0000000016200000)]
  0x0000000014aad800 JavaThread "Attach Listener" daemon [_thread_blocked, id=6404, stack(0x0000000016000000,0x0000000016100000)]
  0x0000000014aac000 JavaThread "Signal Dispatcher" daemon [_thread_blocked, id=696, stack(0x0000000015f00000,0x0000000016000000)]
  0x00000000025b8800 JavaThread "Finalizer" daemon [_thread_blocked, id=7104, stack(0x0000000015d20000,0x0000000015e20000)]
  0x0000000014a78800 JavaThread "Reference Handler" daemon [_thread_blocked, id=6900, stack(0x0000000015c20000,0x0000000015d20000)]

Other Threads:
  0x0000000014a77000 VMThread [stack: 0x0000000015b20000,0x0000000015c20000] [id=6008]
  0x000000001643f800 WatcherThread [stack: 0x0000000016900000,0x0000000016a00000] [id=5360]

VM state:not at safepoint (normal execution)

VM Mutex/Monitor currently owned by a thread: None

Heap:
 PSYoungGen      total 18432K, used 5724K [0x00000000ebc00000, 0x00000000ed080000, 0x0000000100000000)
  eden space 15872K, 36% used [0x00000000ebc00000,0x00000000ec197080,0x00000000ecb80000)
  from space 2560K, 0% used [0x00000000ece00000,0x00000000ece00000,0x00000000ed080000)
  to   space 2560K, 0% used [0x00000000ecb80000,0x00000000ecb80000,0x00000000ece00000)
 ParOldGen       total 42496K, used 0K [0x00000000c3400000, 0x00000000c5d80000, 0x00000000ebc00000)
  object space 42496K, 0% used [0x00000000c3400000,0x00000000c3400000,0x00000000c5d80000)
 Metaspace       used 10933K, capacity 11158K, committed 11392K, reserved 1058816K
  class space    used 1454K, capacity 1543K, committed 1664K, reserved 1048576K

Card table byte_map: [0x0000000011980000,0x0000000011b70000] byte_map_base: 0x0000000011366000

Marking Bits: (ParMarkBitMap*) 0x0000000067fda5b0
 Begin Bits: [0x00000000120c0000, 0x0000000012ff0000)
 End Bits:   [0x0000000012ff0000, 0x0000000013f20000)

Polling page: 0x0000000002210000

CodeCache: size=245760Kb used=2075Kb max_used=2078Kb free=243684Kb
 bounds [0x00000000025c0000, 0x0000000002830000, 0x00000000115c0000]
 total_blobs=862 nmethods=429 adapters=347
 compilation: enabled

Compilation events (10 events):
Event: 0.681 Thread 0x0000000014ab5000  408       1       java.net.URL::getProtocol (5 bytes)
Event: 0.681 Thread 0x0000000014ab5000 nmethod 408 0x00000000027a0690 code [0x00000000027a07e0, 0x00000000027a08f0]
Event: 0.719 Thread 0x0000000014ab1800  409       4       java.util.HashMap::putVal (300 bytes)
Event: 0.719 Thread 0x0000000014ab5000  410       3       java.lang.Integer::hashCode (8 bytes)
Event: 0.719 Thread 0x0000000014aae800  412       4       java.util.HashMap::put (13 bytes)
Event: 0.719 Thread 0x0000000014ab5000 nmethod 410 0x00000000027bb050 code [0x00000000027bb1a0, 0x00000000027bb350]
Event: 0.719 Thread 0x0000000014ab5000  411       3       java.lang.Integer::hashCode (2 bytes)
Event: 0.720 Thread 0x0000000014ab5000 nmethod 411 0x00000000027bb410 code [0x00000000027bb560, 0x00000000027bb690]
Event: 0.725 Thread 0x0000000014ab5000  414       3       sun.invoke.util.Wrapper::forBasicType (16 bytes)
Event: 0.725 Thread 0x0000000014ab5000 nmethod 414 0x00000000027bbad0 code [0x00000000027bbc40, 0x00000000027bbeb8]

GC Heap History (0 events):
No events

Deoptimization events (2 events):
Event: 0.656 Thread 0x0000000016722000 Uncommon trap: reason=unstable_if action=reinterpret pc=0x000000000278dc74 method=java.util.HashMap.getNode(ILjava/lang/Object;)Ljava/util/HashMap$Node; @ 84
Event: 0.656 Thread 0x0000000016722000 Uncommon trap: reason=unstable_if action=reinterpret pc=0x000000000279ec5c method=java.util.HashMap.getNode(ILjava/lang/Object;)Ljava/util/HashMap$Node; @ 84

Internal exceptions (10 events):
Event: 0.474 Thread 0x00000000024c0800 Exception <a 'java/lang/ClassNotFoundException': ToolBar> (0x00000000ebfab228) thrown at [C:\re\workspace\8-2-build-windows-amd64-cygwin\jdk8u60\4407\hotspot\src\share\vm\classfile\systemDictionary.cpp, line 210]
Event: 0.474 Thread 0x00000000024c0800 Exception <a 'java/lang/ClassNotFoundException': ToggleButton> (0x00000000ebfab7d8) thrown at [C:\re\workspace\8-2-build-windows-amd64-cygwin\jdk8u60\4407\hotspot\src\share\vm\classfile\systemDictionary.cpp, line 210]
Event: 0.474 Thread 0x00000000024c0800 Exception <a 'java/lang/ClassNotFoundException': javax/swing/JToolBarSeparator> (0x00000000ebfabc38) thrown at [C:\re\workspace\8-2-build-windows-amd64-cygwin\jdk8u60\4407\hotspot\src\share\vm\classfile\systemDictionary.cpp, line 210]
Event: 0.474 Thread 0x00000000024c0800 Exception <a 'java/lang/ClassNotFoundException': ToolBarSeparator> (0x00000000ebfac0d0) thrown at [C:\re\workspace\8-2-build-windows-amd64-cygwin\jdk8u60\4407\hotspot\src\share\vm\classfile\systemDictionary.cpp, line 210]
Event: 0.474 Thread 0x00000000024c0800 Exception <a 'java/lang/ClassNotFoundException': ToolTip> (0x00000000ebfac810) thrown at [C:\re\workspace\8-2-build-windows-amd64-cygwin\jdk8u60\4407\hotspot\src\share\vm\classfile\systemDictionary.cpp, line 210]
Event: 0.476 Thread 0x00000000024c0800 Exception <a 'java/lang/ClassNotFoundException': Tree> (0x00000000ebfad430) thrown at [C:\re\workspace\8-2-build-windows-amd64-cygwin\jdk8u60\4407\hotspot\src\share\vm\classfile\systemDictionary.cpp, line 210]
Event: 0.476 Thread 0x00000000024c0800 Exception <a 'java/lang/ClassNotFoundException': Tree> (0x00000000ebfadb70) thrown at [C:\re\workspace\8-2-build-windows-amd64-cygwin\jdk8u60\4407\hotspot\src\share\vm\classfile\systemDictionary.cpp, line 210]
Event: 0.476 Thread 0x00000000024c0800 Exception <a 'java/lang/ClassNotFoundException': javax/swing/JTreeCell> (0x00000000ebfadef0) thrown at [C:\re\workspace\8-2-build-windows-amd64-cygwin\jdk8u60\4407\hotspot\src\share\vm\classfile\systemDictionary.cpp, line 210]
Event: 0.476 Thread 0x00000000024c0800 Exception <a 'java/lang/ClassNotFoundException': TreeCell> (0x00000000ebfae378) thrown at [C:\re\workspace\8-2-build-windows-amd64-cygwin\jdk8u60\4407\hotspot\src\share\vm\classfile\systemDictionary.cpp, line 210]
Event: 0.476 Thread 0x00000000024c0800 Exception <a 'java/lang/ClassNotFoundException': RootPane> (0x00000000ebfaedd8) thrown at [C:\re\workspace\8-2-build-windows-amd64-cygwin\jdk8u60\4407\hotspot\src\share\vm\classfile\systemDictionary.cpp, line 210]

Events (10 events):
Event: 0.730 loading class sun/java2d/loops/MaskFill
Event: 0.730 loading class sun/java2d/loops/MaskFill done
Event: 0.731 loading class sun/java2d/loops/DrawGlyphList
Event: 0.731 loading class sun/java2d/loops/DrawGlyphList done
Event: 0.731 loading class sun/java2d/loops/DrawGlyphListAA
Event: 0.731 loading class sun/java2d/loops/DrawGlyphListAA done
Event: 0.731 loading class sun/java2d/loops/DrawGlyphListLCD
Event: 0.731 loading class sun/java2d/loops/DrawGlyphListLCD done
Event: 0.731 loading class sun/java2d/loops/TransformHelper
Event: 0.731 loading class sun/java2d/loops/TransformHelper done


Dynamic libraries:
0x00007ff75d5f0000 - 0x00007ff75d627000 	C:\Program Files\Java\jdk1.8.0_60\bin\java.exe
0x00007ffeddea0000 - 0x00007ffede062000 	C:\WINDOWS\SYSTEM32\ntdll.dll
0x00007ffedbb30000 - 0x00007ffedbbdd000 	C:\WINDOWS\system32\KERNEL32.DLL
0x00007ffedafa0000 - 0x00007ffedb17d000 	C:\WINDOWS\system32\KERNELBASE.dll
0x00007ffedb570000 - 0x00007ffedb616000 	C:\WINDOWS\system32\ADVAPI32.dll
0x00007ffedc4c0000 - 0x00007ffedc55d000 	C:\WINDOWS\system32\msvcrt.dll
0x00007ffedb8b0000 - 0x00007ffedb90b000 	C:\WINDOWS\system32\sechost.dll
0x00007ffedb620000 - 0x00007ffedb746000 	C:\WINDOWS\system32\RPCRT4.dll
0x00007ffedc2b0000 - 0x00007ffedc3fe000 	C:\WINDOWS\system32\USER32.dll
0x00007ffeddd10000 - 0x00007ffedde95000 	C:\WINDOWS\system32\GDI32.dll
0x00007ffecb8c0000 - 0x00007ffecbb34000 	C:\WINDOWS\WinSxS\amd64_microsoft.windows.common-controls_6595b64144ccf1df_6.0.10240.16384_none_f41f7b285750ef43\COMCTL32.dll
0x00007ffedc410000 - 0x00007ffedc446000 	C:\WINDOWS\system32\IMM32.DLL
0x00007ffedb9d0000 - 0x00007ffedbb2c000 	C:\WINDOWS\system32\MSCTF.dll
0x00000000676f0000 - 0x00000000677c2000 	C:\Program Files\Java\jdk1.8.0_60\jre\bin\msvcr100.dll
0x00000000677d0000 - 0x0000000068059000 	C:\Program Files\Java\jdk1.8.0_60\jre\bin\server\jvm.dll
0x00007ffedc400000 - 0x00007ffedc408000 	C:\WINDOWS\system32\PSAPI.DLL
0x00007ffed3160000 - 0x00007ffed3169000 	C:\WINDOWS\SYSTEM32\WSOCK32.dll
0x00007ffed1ce0000 - 0x00007ffed1d03000 	C:\WINDOWS\SYSTEM32\WINMM.dll
0x00007ffedc450000 - 0x00007ffedc4b9000 	C:\WINDOWS\system32\WS2_32.dll
0x00007ffed3170000 - 0x00007ffed317a000 	C:\WINDOWS\SYSTEM32\VERSION.dll
0x00007ffedb8a0000 - 0x00007ffedb8a8000 	C:\WINDOWS\system32\NSI.dll
0x00000000021c0000 - 0x00000000021ec000 	C:\WINDOWS\SYSTEM32\WINMMBASE.dll
0x00007ffedb350000 - 0x00007ffedb394000 	C:\WINDOWS\system32\cfgmgr32.dll
0x00007ffed9260000 - 0x00007ffed9287000 	C:\WINDOWS\SYSTEM32\DEVOBJ.dll
0x00000000676a0000 - 0x00000000676af000 	C:\Program Files\Java\jdk1.8.0_60\jre\bin\verify.dll
0x0000000067670000 - 0x0000000067699000 	C:\Program Files\Java\jdk1.8.0_60\jre\bin\java.dll
0x0000000067650000 - 0x0000000067666000 	C:\Program Files\Java\jdk1.8.0_60\jre\bin\zip.dll
0x00007ffedc7e0000 - 0x00007ffeddd05000 	C:\WINDOWS\system32\SHELL32.dll
0x00007ffeda970000 - 0x00007ffedaf98000 	C:\WINDOWS\system32\windows.storage.dll
0x00007ffedc560000 - 0x00007ffedc7dc000 	C:\WINDOWS\system32\combase.dll
0x00007ffedb750000 - 0x00007ffedb7a1000 	C:\WINDOWS\system32\shlwapi.dll
0x00007ffeda960000 - 0x00007ffeda96f000 	C:\WINDOWS\system32\kernel.appcore.dll
0x00007ffedb3a0000 - 0x00007ffedb453000 	C:\WINDOWS\system32\shcore.dll
0x00007ffeda910000 - 0x00007ffeda95a000 	C:\WINDOWS\system32\powrprof.dll
0x00007ffeda8f0000 - 0x00007ffeda903000 	C:\WINDOWS\system32\profapi.dll
0x0000000067470000 - 0x0000000067608000 	C:\Program Files\Java\jdk1.8.0_60\jre\bin\awt.dll
0x00007ffedb910000 - 0x00007ffedb9ce000 	C:\WINDOWS\system32\OLEAUT32.dll
0x00007ffed9020000 - 0x00007ffed9098000 	C:\WINDOWS\system32\apphelp.dll
0x00007ffed91a0000 - 0x00007ffed9236000 	C:\WINDOWS\system32\uxtheme.dll
0x00007ffed8eb0000 - 0x00007ffed8ed2000 	C:\WINDOWS\system32\dwmapi.dll
0x00007ffedbbe0000 - 0x00007ffedbd21000 	C:\WINDOWS\system32\ole32.dll
0x00007ffeda6f0000 - 0x00007ffeda75b000 	C:\WINDOWS\SYSTEM32\bcryptPrimitives.dll
0x0000000067420000 - 0x0000000067467000 	C:\Program Files\Java\jdk1.8.0_60\jre\bin\fontmanager.dll
0x00007ffedbd40000 - 0x00007ffedbde5000 	C:\WINDOWS\system32\clbcatq.dll
0x00007ffed8290000 - 0x00007ffed8442000 	C:\WINDOWS\SYSTEM32\WindowsCodecs.dll
0x00007ffeda800000 - 0x00007ffeda828000 	C:\WINDOWS\SYSTEM32\bcrypt.dll

VM Arguments:
jvm_args: -Dfile.encoding=UTF-8 
java_command: emp.EmpInfo
java_class_path (initial): C:\Program Files\NetBeans 8.0.2\ide\modules\ext\mysql-connector-java-5.1.23-bin.jar;C:\Users\Watilah\Documents\NetBeansProjects\Emp\build\classes
Launcher Type: SUN_STANDARD

Environment Variables:
PATH=C:\ProgramData\Oracle\Java\javapath;C:\Program Files (x86)\Falcon\MinGW\bin;C:\WINDOWS\system32;C:\WINDOWS;C:\WINDOWS\System32\Wbem;C:\WINDOWS\System32\WindowsPowerShell\v1.0\;C:\Program Files (x86)\Windows Kits\8.1\Windows Performance Toolkit\;C:\Program Files (x86)\MySQL\MySQL Fabric 1.5 & MySQL Utilities 1.5\;C:\Program Files (x86)\MySQL\MySQL Fabric 1.5 & MySQL Utilities 1.5\Doctrine extensions for PHP\;C:\Users\Watilah\AppData\Local\Programs\Python\Python35-32\Scripts\;C:\Users\Watilah\AppData\Local\Programs\Python\Python35-32\
USERNAME=Watilah
OS=Windows_NT
PROCESSOR_IDENTIFIER=Intel64 Family 6 Model 37 Stepping 5, GenuineIntel



---------------  S Y S T E M  ---------------

OS: Windows 10.0 , 64 bit Build 10240 (10.0.10240.16384)

CPU:total 4 (2 cores per cpu, 2 threads per core) family 6 model 37 stepping 5, cmov, cx8, fxsr, mmx, sse, sse2, sse3, ssse3, sse4.1, sse4.2, popcnt, aes, clmul, ht, tsc, tscinvbit

Memory: 4k page, physical 3980724k(808380k free), swap 16039348k(5120k free)

vm_info: Java HotSpot(TM) 64-Bit Server VM (25.60-b23) for windows-amd64 JRE (1.8.0_60-b27), built on Aug  4 2015 11:06:27 by "java_re" with MS VC++ 10.0 (VS2010)

time: Thu Apr 07 21:45:13 2016
elapsed time: 0 seconds (0d 0h 0m 0s)

